<?xml version="1.0" encoding="UTF-8"?>
<!-- Generated by org.testng.reporters.JUnitReportReporter -->
<testsuite hostname="The-Surfer" failures="0" tests="5" name="org.max.AppiumCalc" time="5.097" errors="0" timestamp="2023-01-25T11:53:32 IST" skipped="0">
  <testcase classname="org.max.AppiumCalc" name="firstValue" time="1.581"/>
  <system-out/>
  <testcase classname="org.max.AppiumCalc" name="action" time="1.423"/>
  <system-out/>
  <testcase classname="org.max.AppiumCalc" name="secondValue" time="1.429"/>
  <system-out/>
  <testcase classname="org.max.AppiumCalc" name="equals" time="0.151"/>
  <system-out/>
  <testcase classname="org.max.AppiumCalc" name="screenShot" time="0.513"/>
  <system-out/>
</testsuite> <!-- org.max.AppiumCalc -->
